<?xml version="1.0" encoding="utf-8"?><testsuites name="pytest tests"><testsuite name="pytest" errors="0" failures="0" skipped="0" tests="22" time="6.034" timestamp="2026-09-04T00:48:54.529311+00:00" hostname="agent-env-d7c29da9-d926-4aa9-b1b6-cca74f9d5afe"><testcase classname="tests.test_phase2" name="test_exhibitor_facets" time="0.333" /><testcase classname="tests.test_phase2" name="test_exhibitors_q_propulsion" time="0.204" /><testcase classname="tests.test_phase2" name="test_exhibitors_q_stand" time="0.126" /><testcase classname="tests.test_phase2" name="test_exhibitors_country_poland" time="0.223" /><testcase classname="tests.test_phase2" name="test_exhibitors_pavilion_nl" time="0.258" /><testcase classname="tests.test_phase2" name="test_exhibitors_pagination" time="0.181" /><testcase classname="tests.test_phase2" name="test_exhibitor_detail" time="0.223" /><testcase classname="tests.test_phase2" name="test_exhibitor_404" time="0.164" /><testcase classname="tests.test_phase2" name="test_programme_list" time="0.226" /><testcase classname="tests.test_phase2" name="test_programme_track_bosphorus" time="0.123" /><testcase classname="tests.test_phase2" name="test_programme_detail" time="0.130" /><testcase classname="tests.test_phase2" name="test_news_list_no_body" time="0.134" /><testcase classname="tests.test_phase2" name="test_news_detail_body" time="0.230" /><testcase classname="tests.test_phase2" name="test_partners_tiers" time="0.118" /><testcase classname="tests.test_phase2" name="test_lead_stand_valid" time="0.134" /><testcase classname="tests.test_phase2" name="test_lead_bogus_type" time="0.146" /><testcase classname="tests.test_phase2" name="test_lead_no_consent" time="0.176" /><testcase classname="tests.test_phase2" name="test_lead_invalid_email" time="0.217" /><testcase classname="tests.test_phase2" name="test_lead_honeypot" time="0.153" /><testcase classname="tests.test_phase2" name="test_lead_newsletter_no_consent" time="0.144" /><testcase classname="tests.test_phase2" name="test_lead_stats" time="0.121" /><testcase classname="tests.test_phase2" name="test_zzz_rate_limit" time="1.675" /></testsuite></testsuites>