<?xml version="1.0" encoding="utf-8"?><testsuites name="pytest tests"><testsuite name="pytest" errors="0" failures="0" skipped="0" tests="6" time="1.858" timestamp="2026-09-04T00:01:30.022967+00:00" hostname="agent-env-d7c29da9-d926-4aa9-b1b6-cca74f9d5afe"><testcase classname="tests.backend_test" name="test_health" time="0.243" /><testcase classname="tests.backend_test" name="test_brand_tokens" time="0.143" /><testcase classname="tests.backend_test" name="test_report_index" time="0.202" /><testcase classname="tests.backend_test" name="test_report_part_valid" time="0.150" /><testcase classname="tests.backend_test" name="test_report_part_missing" time="0.271" /><testcase classname="tests.backend_test" name="test_report_part_traversal" time="0.332" /></testsuite></testsuites>